Symlinking /home/shimin/ROS_Prgm_Prj/devel/lib/libfril.so
Symlinking /home/shimin/ROS_Prgm_Prj/devel/lib/libfril.so.1.2
Symlinking /home/shimin/ROS_Prgm_Prj/devel/lib/libfriremote.so
Symlinking /home/shimin/ROS_Prgm_Prj/devel/lib/liblwr_hw_gazebo_plugin.so
Symlinking /home/shimin/ROS_Prgm_Prj/devel/lib/libfril.a
Symlinking /home/shimin/ROS_Prgm_Prj/devel/lib/liblwr_hw.so
Symlinking /home/shimin/ROS_Prgm_Prj/devel/lib/lwr_hw/lwr_hw_fri_node
Symlinking /home/shimin/ROS_Prgm_Prj/devel/lib/lwr_hw/lwr_hw_fril_node
Symlinking /home/shimin/ROS_Prgm_Prj/devel/lib/pkgconfig/lwr_hw.pc
Symlinking /home/shimin/ROS_Prgm_Prj/devel/share/lwr_hw/cmake/lwr_hwConfig-version.cmake
Symlinking /home/shimin/ROS_Prgm_Prj/devel/share/lwr_hw/cmake/lwr_hwConfig.cmake
Symlinking /home/shimin/ROS_Prgm_Prj/devel/include/fril/TypeIRMLDecision.h
Symlinking /home/shimin/ROS_Prgm_Prj/devel/include/fril/LWRBaseControllerInterface.h
Symlinking /home/shimin/ROS_Prgm_Prj/devel/include/fril/TypeIRMLInputParameters.h
Symlinking /home/shimin/ROS_Prgm_Prj/devel/include/fril/LinuxAbstraction.h
Symlinking /home/shimin/ROS_Prgm_Prj/devel/include/fril/WindowsAbstraction.h
Symlinking /home/shimin/ROS_Prgm_Prj/devel/include/fril/UDPSocket.h
Symlinking /home/shimin/ROS_Prgm_Prj/devel/include/fril/FastResearchInterfaceTest.h
Symlinking /home/shimin/ROS_Prgm_Prj/devel/include/fril/InitializationFileEntry.h
Symlinking /home/shimin/ROS_Prgm_Prj/devel/include/fril/LWRJointPositionController.h
Symlinking /home/shimin/ROS_Prgm_Prj/devel/include/fril/OSAbstraction.h
Symlinking /home/shimin/ROS_Prgm_Prj/devel/include/fril/FastResearchInterface.h
Symlinking /home/shimin/ROS_Prgm_Prj/devel/include/fril/TypeIRMLMath.h
Symlinking /home/shimin/ROS_Prgm_Prj/devel/include/fril/Console.h
Symlinking /home/shimin/ROS_Prgm_Prj/devel/include/fril/DataLogging.h
Symlinking /home/shimin/ROS_Prgm_Prj/devel/include/fril/MACOSAbstraction.h
Symlinking /home/shimin/ROS_Prgm_Prj/devel/include/fril/LWRJointImpedanceController.h
Symlinking /home/shimin/ROS_Prgm_Prj/devel/include/fril/Doxygen.h
Symlinking /home/shimin/ROS_Prgm_Prj/devel/include/fril/TypeIRMLVector.h
Symlinking /home/shimin/ROS_Prgm_Prj/devel/include/fril/TypeIRMLProfiles.h
Symlinking /home/shimin/ROS_Prgm_Prj/devel/include/fril/TypeIRMLOutputParameters.h
Symlinking /home/shimin/ROS_Prgm_Prj/devel/include/fril/FRICommunication.h
Symlinking /home/shimin/ROS_Prgm_Prj/devel/include/fril/TypeIRML.h
Symlinking /home/shimin/ROS_Prgm_Prj/devel/include/fril/QNXAbstraction.h
Symlinking /home/shimin/ROS_Prgm_Prj/devel/include/fril/TypeIRMLPolynomial.h
Symlinking /home/shimin/ROS_Prgm_Prj/devel/include/fril/LWRCartImpedanceController.h
