[ 15%] Built target friremote
[ 26%] Built target lwr_hw
[ 31%] [34m[1mPerforming update step for 'FRILibrary'[0m
[ 36%] [34m[1mPerforming configure step for 'FRILibrary'[0m
-- Detected a Linux Platform
-- Configuring done
-- Generating done
-- Build files have been written to: /home/shimin/ROS_Prgm_Prj/build/lwr_hw/FRILibrary-prefix/src/FRILibrary
[ 42%] [34m[1mPerforming build step for 'FRILibrary'[0m
make[3]: warning: jobserver unavailable: using -j1.  Add '+' to parent make rule.
[  9%] Built target fril_irml_dynamic
[ 43%] Built target fril_dynamic
[ 50%] Built target fril_test_dynamic
[ 53%] Built target LWRCartImpedanceControlExample
[ 87%] Built target fril_static
[ 90%] Built target LWRJointImpedanceControlExample
[ 93%] Built target fastResearchInterfaceTest
[ 96%] Built target LWRJointPositionControlExample
[100%] Built target LWRLoggingExample
[ 47%] [34m[1mPerforming install step for 'FRILibrary'[0m
make[3]: warning: jobserver unavailable: using -j1.  Add '+' to parent make rule.
[  9%] Built target fril_irml_dynamic
[ 43%] Built target fril_dynamic
[ 50%] Built target fril_test_dynamic
[ 53%] Built target LWRCartImpedanceControlExample
[ 87%] Built target fril_static
[ 90%] Built target LWRJointImpedanceControlExample
[ 93%] Built target fastResearchInterfaceTest
[ 96%] Built target LWRJointPositionControlExample
[100%] Built target LWRLoggingExample
[36mInstall the project...[0m
-- Install configuration: ""
-- Up-to-date: /home/shimin/ROS_Prgm_Prj/devel/lib/libfril.a
-- Up-to-date: /home/shimin/ROS_Prgm_Prj/devel/lib/libfril.so.1.2
-- Up-to-date: /home/shimin/ROS_Prgm_Prj/devel/lib/libfril.so
-- Up-to-date: /home/shimin/ROS_Prgm_Prj/devel/include/fril/Console.h
-- Up-to-date: /home/shimin/ROS_Prgm_Prj/devel/include/fril/DataLogging.h
-- Up-to-date: /home/shimin/ROS_Prgm_Prj/devel/include/fril/Doxygen.h
-- Up-to-date: /home/shimin/ROS_Prgm_Prj/devel/include/fril/FastResearchInterface.h
-- Up-to-date: /home/shimin/ROS_Prgm_Prj/devel/include/fril/FastResearchInterfaceTest.h
-- Up-to-date: /home/shimin/ROS_Prgm_Prj/devel/include/fril/FRICommunication.h
-- Up-to-date: /home/shimin/ROS_Prgm_Prj/devel/include/fril/InitializationFileEntry.h
-- Up-to-date: /home/shimin/ROS_Prgm_Prj/devel/include/fril/LinuxAbstraction.h
-- Up-to-date: /home/shimin/ROS_Prgm_Prj/devel/include/fril/LWRBaseControllerInterface.h
-- Up-to-date: /home/shimin/ROS_Prgm_Prj/devel/include/fril/LWRCartImpedanceController.h
-- Up-to-date: /home/shimin/ROS_Prgm_Prj/devel/include/fril/LWRJointImpedanceController.h
-- Up-to-date: /home/shimin/ROS_Prgm_Prj/devel/include/fril/LWRJointPositionController.h
-- Up-to-date: /home/shimin/ROS_Prgm_Prj/devel/include/fril/MACOSAbstraction.h
-- Up-to-date: /home/shimin/ROS_Prgm_Prj/devel/include/fril/OSAbstraction.h
-- Up-to-date: /home/shimin/ROS_Prgm_Prj/devel/include/fril/QNXAbstraction.h
-- Up-to-date: /home/shimin/ROS_Prgm_Prj/devel/include/fril/TypeIRMLDecision.h
-- Up-to-date: /home/shimin/ROS_Prgm_Prj/devel/include/fril/TypeIRML.h
-- Up-to-date: /home/shimin/ROS_Prgm_Prj/devel/include/fril/TypeIRMLInputParameters.h
-- Up-to-date: /home/shimin/ROS_Prgm_Prj/devel/include/fril/TypeIRMLMath.h
-- Up-to-date: /home/shimin/ROS_Prgm_Prj/devel/include/fril/TypeIRMLOutputParameters.h
-- Up-to-date: /home/shimin/ROS_Prgm_Prj/devel/include/fril/TypeIRMLPolynomial.h
-- Up-to-date: /home/shimin/ROS_Prgm_Prj/devel/include/fril/TypeIRMLProfiles.h
-- Up-to-date: /home/shimin/ROS_Prgm_Prj/devel/include/fril/TypeIRMLVector.h
-- Up-to-date: /home/shimin/ROS_Prgm_Prj/devel/include/fril/UDPSocket.h
-- Up-to-date: /home/shimin/ROS_Prgm_Prj/devel/include/fril/WindowsAbstraction.h
[ 52%] [34m[1mCompleted 'FRILibrary'[0m
[ 68%] Built target FRILibrary
[ 78%] Built target lwr_hw_fri_node
[ 89%] Built target lwr_hw_gazebo_plugin
[100%] Built target lwr_hw_fril_node
