Linked: (/home/shimin/ROS_Prgm_Prj/devel/.private/lwr_hw/lib/libfril.so, /home/shimin/ROS_Prgm_Prj/devel/lib/libfril.so)
Linked: (/home/shimin/ROS_Prgm_Prj/devel/.private/lwr_hw/lib/libfril.so.1.2, /home/shimin/ROS_Prgm_Prj/devel/lib/libfril.so.1.2)
Linked: (/home/shimin/ROS_Prgm_Prj/devel/.private/lwr_hw/lib/libfriremote.so, /home/shimin/ROS_Prgm_Prj/devel/lib/libfriremote.so)
Linked: (/home/shimin/ROS_Prgm_Prj/devel/.private/lwr_hw/lib/liblwr_hw_gazebo_plugin.so, /home/shimin/ROS_Prgm_Prj/devel/lib/liblwr_hw_gazebo_plugin.so)
Linked: (/home/shimin/ROS_Prgm_Prj/devel/.private/lwr_hw/lib/libfril.a, /home/shimin/ROS_Prgm_Prj/devel/lib/libfril.a)
Linked: (/home/shimin/ROS_Prgm_Prj/devel/.private/lwr_hw/lib/liblwr_hw.so, /home/shimin/ROS_Prgm_Prj/devel/lib/liblwr_hw.so)
Linked: (/home/shimin/ROS_Prgm_Prj/devel/.private/lwr_hw/lib/lwr_hw/lwr_hw_fri_node, /home/shimin/ROS_Prgm_Prj/devel/lib/lwr_hw/lwr_hw_fri_node)
Linked: (/home/shimin/ROS_Prgm_Prj/devel/.private/lwr_hw/lib/lwr_hw/lwr_hw_fril_node, /home/shimin/ROS_Prgm_Prj/devel/lib/lwr_hw/lwr_hw_fril_node)
Linked: (/home/shimin/ROS_Prgm_Prj/devel/.private/lwr_hw/lib/pkgconfig/lwr_hw.pc, /home/shimin/ROS_Prgm_Prj/devel/lib/pkgconfig/lwr_hw.pc)
Linked: (/home/shimin/ROS_Prgm_Prj/devel/.private/lwr_hw/share/lwr_hw/cmake/lwr_hwConfig-version.cmake, /home/shimin/ROS_Prgm_Prj/devel/share/lwr_hw/cmake/lwr_hwConfig-version.cmake)
Linked: (/home/shimin/ROS_Prgm_Prj/devel/.private/lwr_hw/share/lwr_hw/cmake/lwr_hwConfig.cmake, /home/shimin/ROS_Prgm_Prj/devel/share/lwr_hw/cmake/lwr_hwConfig.cmake)
Linked: (/home/shimin/ROS_Prgm_Prj/devel/.private/lwr_hw/include/fril/TypeIRMLDecision.h, /home/shimin/ROS_Prgm_Prj/devel/include/fril/TypeIRMLDecision.h)
Linked: (/home/shimin/ROS_Prgm_Prj/devel/.private/lwr_hw/include/fril/LWRBaseControllerInterface.h, /home/shimin/ROS_Prgm_Prj/devel/include/fril/LWRBaseControllerInterface.h)
Linked: (/home/shimin/ROS_Prgm_Prj/devel/.private/lwr_hw/include/fril/TypeIRMLInputParameters.h, /home/shimin/ROS_Prgm_Prj/devel/include/fril/TypeIRMLInputParameters.h)
Linked: (/home/shimin/ROS_Prgm_Prj/devel/.private/lwr_hw/include/fril/LinuxAbstraction.h, /home/shimin/ROS_Prgm_Prj/devel/include/fril/LinuxAbstraction.h)
Linked: (/home/shimin/ROS_Prgm_Prj/devel/.private/lwr_hw/include/fril/WindowsAbstraction.h, /home/shimin/ROS_Prgm_Prj/devel/include/fril/WindowsAbstraction.h)
Linked: (/home/shimin/ROS_Prgm_Prj/devel/.private/lwr_hw/include/fril/UDPSocket.h, /home/shimin/ROS_Prgm_Prj/devel/include/fril/UDPSocket.h)
Linked: (/home/shimin/ROS_Prgm_Prj/devel/.private/lwr_hw/include/fril/FastResearchInterfaceTest.h, /home/shimin/ROS_Prgm_Prj/devel/include/fril/FastResearchInterfaceTest.h)
Linked: (/home/shimin/ROS_Prgm_Prj/devel/.private/lwr_hw/include/fril/InitializationFileEntry.h, /home/shimin/ROS_Prgm_Prj/devel/include/fril/InitializationFileEntry.h)
Linked: (/home/shimin/ROS_Prgm_Prj/devel/.private/lwr_hw/include/fril/LWRJointPositionController.h, /home/shimin/ROS_Prgm_Prj/devel/include/fril/LWRJointPositionController.h)
Linked: (/home/shimin/ROS_Prgm_Prj/devel/.private/lwr_hw/include/fril/OSAbstraction.h, /home/shimin/ROS_Prgm_Prj/devel/include/fril/OSAbstraction.h)
Linked: (/home/shimin/ROS_Prgm_Prj/devel/.private/lwr_hw/include/fril/FastResearchInterface.h, /home/shimin/ROS_Prgm_Prj/devel/include/fril/FastResearchInterface.h)
Linked: (/home/shimin/ROS_Prgm_Prj/devel/.private/lwr_hw/include/fril/TypeIRMLMath.h, /home/shimin/ROS_Prgm_Prj/devel/include/fril/TypeIRMLMath.h)
Linked: (/home/shimin/ROS_Prgm_Prj/devel/.private/lwr_hw/include/fril/Console.h, /home/shimin/ROS_Prgm_Prj/devel/include/fril/Console.h)
Linked: (/home/shimin/ROS_Prgm_Prj/devel/.private/lwr_hw/include/fril/DataLogging.h, /home/shimin/ROS_Prgm_Prj/devel/include/fril/DataLogging.h)
Linked: (/home/shimin/ROS_Prgm_Prj/devel/.private/lwr_hw/include/fril/MACOSAbstraction.h, /home/shimin/ROS_Prgm_Prj/devel/include/fril/MACOSAbstraction.h)
Linked: (/home/shimin/ROS_Prgm_Prj/devel/.private/lwr_hw/include/fril/LWRJointImpedanceController.h, /home/shimin/ROS_Prgm_Prj/devel/include/fril/LWRJointImpedanceController.h)
Linked: (/home/shimin/ROS_Prgm_Prj/devel/.private/lwr_hw/include/fril/Doxygen.h, /home/shimin/ROS_Prgm_Prj/devel/include/fril/Doxygen.h)
Linked: (/home/shimin/ROS_Prgm_Prj/devel/.private/lwr_hw/include/fril/TypeIRMLVector.h, /home/shimin/ROS_Prgm_Prj/devel/include/fril/TypeIRMLVector.h)
Linked: (/home/shimin/ROS_Prgm_Prj/devel/.private/lwr_hw/include/fril/TypeIRMLProfiles.h, /home/shimin/ROS_Prgm_Prj/devel/include/fril/TypeIRMLProfiles.h)
Linked: (/home/shimin/ROS_Prgm_Prj/devel/.private/lwr_hw/include/fril/TypeIRMLOutputParameters.h, /home/shimin/ROS_Prgm_Prj/devel/include/fril/TypeIRMLOutputParameters.h)
Linked: (/home/shimin/ROS_Prgm_Prj/devel/.private/lwr_hw/include/fril/FRICommunication.h, /home/shimin/ROS_Prgm_Prj/devel/include/fril/FRICommunication.h)
Linked: (/home/shimin/ROS_Prgm_Prj/devel/.private/lwr_hw/include/fril/TypeIRML.h, /home/shimin/ROS_Prgm_Prj/devel/include/fril/TypeIRML.h)
Linked: (/home/shimin/ROS_Prgm_Prj/devel/.private/lwr_hw/include/fril/QNXAbstraction.h, /home/shimin/ROS_Prgm_Prj/devel/include/fril/QNXAbstraction.h)
Linked: (/home/shimin/ROS_Prgm_Prj/devel/.private/lwr_hw/include/fril/TypeIRMLPolynomial.h, /home/shimin/ROS_Prgm_Prj/devel/include/fril/TypeIRMLPolynomial.h)
Linked: (/home/shimin/ROS_Prgm_Prj/devel/.private/lwr_hw/include/fril/LWRCartImpedanceController.h, /home/shimin/ROS_Prgm_Prj/devel/include/fril/LWRCartImpedanceController.h)
