Determining if the pthread_create exist failed with the following output:
Change Dir: /home/shimin/ROS_Prgm_Prj/build/rqt_ez_publisher/CMakeFiles/CMakeTmp

Run Build Command:"/usr/bin/make" "cmTC_80899/fast"
/usr/bin/make -f CMakeFiles/cmTC_80899.dir/build.make CMakeFiles/cmTC_80899.dir/build
make[1]: Entering directory '/home/shimin/ROS_Prgm_Prj/build/rqt_ez_publisher/CMakeFiles/CMakeTmp'
Building C object CMakeFiles/cmTC_80899.dir/CheckSymbolExists.c.o
/usr/bin/cc     -o CMakeFiles/cmTC_80899.dir/CheckSymbolExists.c.o   -c /home/shimin/ROS_Prgm_Prj/build/rqt_ez_publisher/CMakeFiles/CMakeTmp/CheckSymbolExists.c
Linking C executable cmTC_80899
/usr/bin/cmake -E cmake_link_script CMakeFiles/cmTC_80899.dir/link.txt --verbose=1
/usr/bin/cc       CMakeFiles/cmTC_80899.dir/CheckSymbolExists.c.o  -o cmTC_80899 -rdynamic 
CMakeFiles/cmTC_80899.dir/CheckSymbolExists.c.o：在函数‘main’中：
CheckSymbolExists.c:(.text+0x16)：对‘pthread_create’未定义的引用
collect2: error: ld returned 1 exit status
CMakeFiles/cmTC_80899.dir/build.make:97: recipe for target 'cmTC_80899' failed
make[1]: *** [cmTC_80899] Error 1
make[1]: Leaving directory '/home/shimin/ROS_Prgm_Prj/build/rqt_ez_publisher/CMakeFiles/CMakeTmp'
Makefile:126: recipe for target 'cmTC_80899/fast' failed
make: *** [cmTC_80899/fast] Error 2

File /home/shimin/ROS_Prgm_Prj/build/rqt_ez_publisher/CMakeFiles/CMakeTmp/CheckSymbolExists.c:
/* */
#include <pthread.h>

int main(int argc, char** argv)
{
  (void)argv;
#ifndef pthread_create
  return ((int*)(&pthread_create))[argc];
#else
  (void)argc;
  return 0;
#endif
}

Determining if the function pthread_create exists in the pthreads failed with the following output:
Change Dir: /home/shimin/ROS_Prgm_Prj/build/rqt_ez_publisher/CMakeFiles/CMakeTmp

Run Build Command:"/usr/bin/make" "cmTC_bf5d1/fast"
/usr/bin/make -f CMakeFiles/cmTC_bf5d1.dir/build.make CMakeFiles/cmTC_bf5d1.dir/build
make[1]: Entering directory '/home/shimin/ROS_Prgm_Prj/build/rqt_ez_publisher/CMakeFiles/CMakeTmp'
Building C object CMakeFiles/cmTC_bf5d1.dir/CheckFunctionExists.c.o
/usr/bin/cc    -DCHECK_FUNCTION_EXISTS=pthread_create   -o CMakeFiles/cmTC_bf5d1.dir/CheckFunctionExists.c.o   -c /usr/share/cmake-3.5/Modules/CheckFunctionExists.c
Linking C executable cmTC_bf5d1
/usr/bin/cmake -E cmake_link_script CMakeFiles/cmTC_bf5d1.dir/link.txt --verbose=1
/usr/bin/cc   -DCHECK_FUNCTION_EXISTS=pthread_create    CMakeFiles/cmTC_bf5d1.dir/CheckFunctionExists.c.o  -o cmTC_bf5d1 -rdynamic -lpthreads 
/usr/bin/ld: 找不到 -lpthreads
collect2: error: ld returned 1 exit status
CMakeFiles/cmTC_bf5d1.dir/build.make:97: recipe for target 'cmTC_bf5d1' failed
make[1]: *** [cmTC_bf5d1] Error 1
make[1]: Leaving directory '/home/shimin/ROS_Prgm_Prj/build/rqt_ez_publisher/CMakeFiles/CMakeTmp'
Makefile:126: recipe for target 'cmTC_bf5d1/fast' failed
make: *** [cmTC_bf5d1/fast] Error 2


