[  0%] Built target geometry_msgs_generate_messages_cpp
[  0%] Built target _lwr_controllers_generate_messages_check_deps_ArmState
[  0%] Built target _lwr_controllers_generate_messages_check_deps_CartesianImpedancePoint
[  0%] Built target _lwr_controllers_generate_messages_check_deps_Stiffness
[  0%] Built target sensor_msgs_generate_messages_cpp
[  0%] Built target std_msgs_generate_messages_cpp
[  0%] Built target _lwr_controllers_generate_messages_check_deps_PoseRPY
[  0%] Built target _lwr_controllers_generate_messages_check_deps_MultiPriorityTask
[  0%] Built target _lwr_controllers_generate_messages_check_deps_RPY
[  0%] Built target _lwr_controllers_generate_messages_check_deps_SetCartesianImpedanceCommand
[  0%] Built target std_msgs_generate_messages_py
[  0%] Built target geometry_msgs_generate_messages_py
[  0%] Built target sensor_msgs_generate_messages_py
[  0%] Built target geometry_msgs_generate_messages_nodejs
[  0%] Built target std_msgs_generate_messages_nodejs
[  0%] Built target sensor_msgs_generate_messages_nodejs
[  0%] Built target geometry_msgs_generate_messages_lisp
[  0%] Built target std_msgs_generate_messages_lisp
[  0%] Built target sensor_msgs_generate_messages_lisp
[  0%] Built target sensor_msgs_generate_messages_eus
[  0%] Built target geometry_msgs_generate_messages_eus
[ 12%] Built target lwr_controllers_generate_messages_cpp
[ 12%] Built target std_msgs_generate_messages_eus
[ 29%] Built target lwr_controllers_generate_messages_py
[ 42%] Built target lwr_controllers_generate_messages_lisp
[ 42%] Built target lwr_controllers_gencpp
[ 57%] Built target lwr_controllers_generate_messages_eus
[ 70%] Built target lwr_controllers_generate_messages_nodejs
[ 70%] Built target lwr_controllers_generate_messages
[100%] Built target lwr_controllers
