Linked: (/home/jiawen/530_707_independent_project/devel/.private/lwr_controllers/include/lwr_controllers/SetCartesianImpedanceCommandRequest.h, /home/jiawen/530_707_independent_project/devel/include/lwr_controllers/SetCartesianImpedanceCommandRequest.h)
Linked: (/home/jiawen/530_707_independent_project/devel/.private/lwr_controllers/include/lwr_controllers/MultiPriorityTask.h, /home/jiawen/530_707_independent_project/devel/include/lwr_controllers/MultiPriorityTask.h)
Linked: (/home/jiawen/530_707_independent_project/devel/.private/lwr_controllers/include/lwr_controllers/CartesianImpedancePoint.h, /home/jiawen/530_707_independent_project/devel/include/lwr_controllers/CartesianImpedancePoint.h)
Linked: (/home/jiawen/530_707_independent_project/devel/.private/lwr_controllers/include/lwr_controllers/Stiffness.h, /home/jiawen/530_707_independent_project/devel/include/lwr_controllers/Stiffness.h)
Linked: (/home/jiawen/530_707_independent_project/devel/.private/lwr_controllers/include/lwr_controllers/ArmState.h, /home/jiawen/530_707_independent_project/devel/include/lwr_controllers/ArmState.h)
Linked: (/home/jiawen/530_707_independent_project/devel/.private/lwr_controllers/include/lwr_controllers/PoseRPY.h, /home/jiawen/530_707_independent_project/devel/include/lwr_controllers/PoseRPY.h)
Linked: (/home/jiawen/530_707_independent_project/devel/.private/lwr_controllers/include/lwr_controllers/SetCartesianImpedanceCommand.h, /home/jiawen/530_707_independent_project/devel/include/lwr_controllers/SetCartesianImpedanceCommand.h)
Linked: (/home/jiawen/530_707_independent_project/devel/.private/lwr_controllers/include/lwr_controllers/RPY.h, /home/jiawen/530_707_independent_project/devel/include/lwr_controllers/RPY.h)
Linked: (/home/jiawen/530_707_independent_project/devel/.private/lwr_controllers/include/lwr_controllers/SetCartesianImpedanceCommandResponse.h, /home/jiawen/530_707_independent_project/devel/include/lwr_controllers/SetCartesianImpedanceCommandResponse.h)
Linked: (/home/jiawen/530_707_independent_project/devel/.private/lwr_controllers/share/roseus/ros/lwr_controllers/manifest.l, /home/jiawen/530_707_independent_project/devel/share/roseus/ros/lwr_controllers/manifest.l)
Linked: (/home/jiawen/530_707_independent_project/devel/.private/lwr_controllers/share/roseus/ros/lwr_controllers/srv/SetCartesianImpedanceCommand.l, /home/jiawen/530_707_independent_project/devel/share/roseus/ros/lwr_controllers/srv/SetCartesianImpedanceCommand.l)
Linked: (/home/jiawen/530_707_independent_project/devel/.private/lwr_controllers/share/roseus/ros/lwr_controllers/msg/CartesianImpedancePoint.l, /home/jiawen/530_707_independent_project/devel/share/roseus/ros/lwr_controllers/msg/CartesianImpedancePoint.l)
Linked: (/home/jiawen/530_707_independent_project/devel/.private/lwr_controllers/share/roseus/ros/lwr_controllers/msg/Stiffness.l, /home/jiawen/530_707_independent_project/devel/share/roseus/ros/lwr_controllers/msg/Stiffness.l)
Linked: (/home/jiawen/530_707_independent_project/devel/.private/lwr_controllers/share/roseus/ros/lwr_controllers/msg/MultiPriorityTask.l, /home/jiawen/530_707_independent_project/devel/share/roseus/ros/lwr_controllers/msg/MultiPriorityTask.l)
Linked: (/home/jiawen/530_707_independent_project/devel/.private/lwr_controllers/share/roseus/ros/lwr_controllers/msg/PoseRPY.l, /home/jiawen/530_707_independent_project/devel/share/roseus/ros/lwr_controllers/msg/PoseRPY.l)
Linked: (/home/jiawen/530_707_independent_project/devel/.private/lwr_controllers/share/roseus/ros/lwr_controllers/msg/ArmState.l, /home/jiawen/530_707_independent_project/devel/share/roseus/ros/lwr_controllers/msg/ArmState.l)
Linked: (/home/jiawen/530_707_independent_project/devel/.private/lwr_controllers/share/roseus/ros/lwr_controllers/msg/RPY.l, /home/jiawen/530_707_independent_project/devel/share/roseus/ros/lwr_controllers/msg/RPY.l)
Linked: (/home/jiawen/530_707_independent_project/devel/.private/lwr_controllers/share/lwr_controllers/cmake/lwr_controllersConfig.cmake, /home/jiawen/530_707_independent_project/devel/share/lwr_controllers/cmake/lwr_controllersConfig.cmake)
Linked: (/home/jiawen/530_707_independent_project/devel/.private/lwr_controllers/share/lwr_controllers/cmake/lwr_controllersConfig-version.cmake, /home/jiawen/530_707_independent_project/devel/share/lwr_controllers/cmake/lwr_controllersConfig-version.cmake)
Linked: (/home/jiawen/530_707_independent_project/devel/.private/lwr_controllers/share/lwr_controllers/cmake/lwr_controllers-msg-paths.cmake, /home/jiawen/530_707_independent_project/devel/share/lwr_controllers/cmake/lwr_controllers-msg-paths.cmake)
Linked: (/home/jiawen/530_707_independent_project/devel/.private/lwr_controllers/share/lwr_controllers/cmake/lwr_controllers-msg-extras.cmake, /home/jiawen/530_707_independent_project/devel/share/lwr_controllers/cmake/lwr_controllers-msg-extras.cmake)
Linked: (/home/jiawen/530_707_independent_project/devel/.private/lwr_controllers/share/common-lisp/ros/lwr_controllers/srv/lwr_controllers-srv.asd, /home/jiawen/530_707_independent_project/devel/share/common-lisp/ros/lwr_controllers/srv/lwr_controllers-srv.asd)
Linked: (/home/jiawen/530_707_independent_project/devel/.private/lwr_controllers/share/common-lisp/ros/lwr_controllers/srv/_package_SetCartesianImpedanceCommand.lisp, /home/jiawen/530_707_independent_project/devel/share/common-lisp/ros/lwr_controllers/srv/_package_SetCartesianImpedanceCommand.lisp)
Linked: (/home/jiawen/530_707_independent_project/devel/.private/lwr_controllers/share/common-lisp/ros/lwr_controllers/srv/SetCartesianImpedanceCommand.lisp, /home/jiawen/530_707_independent_project/devel/share/common-lisp/ros/lwr_controllers/srv/SetCartesianImpedanceCommand.lisp)
Linked: (/home/jiawen/530_707_independent_project/devel/.private/lwr_controllers/share/common-lisp/ros/lwr_controllers/srv/_package.lisp, /home/jiawen/530_707_independent_project/devel/share/common-lisp/ros/lwr_controllers/srv/_package.lisp)
Linked: (/home/jiawen/530_707_independent_project/devel/.private/lwr_controllers/share/common-lisp/ros/lwr_controllers/msg/_package_Stiffness.lisp, /home/jiawen/530_707_independent_project/devel/share/common-lisp/ros/lwr_controllers/msg/_package_Stiffness.lisp)
Linked: (/home/jiawen/530_707_independent_project/devel/.private/lwr_controllers/share/common-lisp/ros/lwr_controllers/msg/Stiffness.lisp, /home/jiawen/530_707_independent_project/devel/share/common-lisp/ros/lwr_controllers/msg/Stiffness.lisp)
Linked: (/home/jiawen/530_707_independent_project/devel/.private/lwr_controllers/share/common-lisp/ros/lwr_controllers/msg/_package_MultiPriorityTask.lisp, /home/jiawen/530_707_independent_project/devel/share/common-lisp/ros/lwr_controllers/msg/_package_MultiPriorityTask.lisp)
Linked: (/home/jiawen/530_707_independent_project/devel/.private/lwr_controllers/share/common-lisp/ros/lwr_controllers/msg/_package_ArmState.lisp, /home/jiawen/530_707_independent_project/devel/share/common-lisp/ros/lwr_controllers/msg/_package_ArmState.lisp)
Linked: (/home/jiawen/530_707_independent_project/devel/.private/lwr_controllers/share/common-lisp/ros/lwr_controllers/msg/_package_PoseRPY.lisp, /home/jiawen/530_707_independent_project/devel/share/common-lisp/ros/lwr_controllers/msg/_package_PoseRPY.lisp)
Linked: (/home/jiawen/530_707_independent_project/devel/.private/lwr_controllers/share/common-lisp/ros/lwr_controllers/msg/PoseRPY.lisp, /home/jiawen/530_707_independent_project/devel/share/common-lisp/ros/lwr_controllers/msg/PoseRPY.lisp)
Linked: (/home/jiawen/530_707_independent_project/devel/.private/lwr_controllers/share/common-lisp/ros/lwr_controllers/msg/_package_RPY.lisp, /home/jiawen/530_707_independent_project/devel/share/common-lisp/ros/lwr_controllers/msg/_package_RPY.lisp)
Linked: (/home/jiawen/530_707_independent_project/devel/.private/lwr_controllers/share/common-lisp/ros/lwr_controllers/msg/lwr_controllers-msg.asd, /home/jiawen/530_707_independent_project/devel/share/common-lisp/ros/lwr_controllers/msg/lwr_controllers-msg.asd)
Linked: (/home/jiawen/530_707_independent_project/devel/.private/lwr_controllers/share/common-lisp/ros/lwr_controllers/msg/CartesianImpedancePoint.lisp, /home/jiawen/530_707_independent_project/devel/share/common-lisp/ros/lwr_controllers/msg/CartesianImpedancePoint.lisp)
Linked: (/home/jiawen/530_707_independent_project/devel/.private/lwr_controllers/share/common-lisp/ros/lwr_controllers/msg/_package_CartesianImpedancePoint.lisp, /home/jiawen/530_707_independent_project/devel/share/common-lisp/ros/lwr_controllers/msg/_package_CartesianImpedancePoint.lisp)
Linked: (/home/jiawen/530_707_independent_project/devel/.private/lwr_controllers/share/common-lisp/ros/lwr_controllers/msg/RPY.lisp, /home/jiawen/530_707_independent_project/devel/share/common-lisp/ros/lwr_controllers/msg/RPY.lisp)
Linked: (/home/jiawen/530_707_independent_project/devel/.private/lwr_controllers/share/common-lisp/ros/lwr_controllers/msg/ArmState.lisp, /home/jiawen/530_707_independent_project/devel/share/common-lisp/ros/lwr_controllers/msg/ArmState.lisp)
Linked: (/home/jiawen/530_707_independent_project/devel/.private/lwr_controllers/share/common-lisp/ros/lwr_controllers/msg/_package.lisp, /home/jiawen/530_707_independent_project/devel/share/common-lisp/ros/lwr_controllers/msg/_package.lisp)
Linked: (/home/jiawen/530_707_independent_project/devel/.private/lwr_controllers/share/common-lisp/ros/lwr_controllers/msg/MultiPriorityTask.lisp, /home/jiawen/530_707_independent_project/devel/share/common-lisp/ros/lwr_controllers/msg/MultiPriorityTask.lisp)
Linked: (/home/jiawen/530_707_independent_project/devel/.private/lwr_controllers/share/gennodejs/ros/lwr_controllers/_index.js, /home/jiawen/530_707_independent_project/devel/share/gennodejs/ros/lwr_controllers/_index.js)
Linked: (/home/jiawen/530_707_independent_project/devel/.private/lwr_controllers/share/gennodejs/ros/lwr_controllers/srv/_index.js, /home/jiawen/530_707_independent_project/devel/share/gennodejs/ros/lwr_controllers/srv/_index.js)
Linked: (/home/jiawen/530_707_independent_project/devel/.private/lwr_controllers/share/gennodejs/ros/lwr_controllers/srv/SetCartesianImpedanceCommand.js, /home/jiawen/530_707_independent_project/devel/share/gennodejs/ros/lwr_controllers/srv/SetCartesianImpedanceCommand.js)
Linked: (/home/jiawen/530_707_independent_project/devel/.private/lwr_controllers/share/gennodejs/ros/lwr_controllers/msg/CartesianImpedancePoint.js, /home/jiawen/530_707_independent_project/devel/share/gennodejs/ros/lwr_controllers/msg/CartesianImpedancePoint.js)
Linked: (/home/jiawen/530_707_independent_project/devel/.private/lwr_controllers/share/gennodejs/ros/lwr_controllers/msg/_index.js, /home/jiawen/530_707_independent_project/devel/share/gennodejs/ros/lwr_controllers/msg/_index.js)
Linked: (/home/jiawen/530_707_independent_project/devel/.private/lwr_controllers/share/gennodejs/ros/lwr_controllers/msg/RPY.js, /home/jiawen/530_707_independent_project/devel/share/gennodejs/ros/lwr_controllers/msg/RPY.js)
Linked: (/home/jiawen/530_707_independent_project/devel/.private/lwr_controllers/share/gennodejs/ros/lwr_controllers/msg/Stiffness.js, /home/jiawen/530_707_independent_project/devel/share/gennodejs/ros/lwr_controllers/msg/Stiffness.js)
Linked: (/home/jiawen/530_707_independent_project/devel/.private/lwr_controllers/share/gennodejs/ros/lwr_controllers/msg/ArmState.js, /home/jiawen/530_707_independent_project/devel/share/gennodejs/ros/lwr_controllers/msg/ArmState.js)
Linked: (/home/jiawen/530_707_independent_project/devel/.private/lwr_controllers/share/gennodejs/ros/lwr_controllers/msg/MultiPriorityTask.js, /home/jiawen/530_707_independent_project/devel/share/gennodejs/ros/lwr_controllers/msg/MultiPriorityTask.js)
Linked: (/home/jiawen/530_707_independent_project/devel/.private/lwr_controllers/share/gennodejs/ros/lwr_controllers/msg/PoseRPY.js, /home/jiawen/530_707_independent_project/devel/share/gennodejs/ros/lwr_controllers/msg/PoseRPY.js)
Linked: (/home/jiawen/530_707_independent_project/devel/.private/lwr_controllers/lib/liblwr_controllers.so, /home/jiawen/530_707_independent_project/devel/lib/liblwr_controllers.so)
Linked: (/home/jiawen/530_707_independent_project/devel/.private/lwr_controllers/lib/python2.7/dist-packages/lwr_controllers/__init__.py, /home/jiawen/530_707_independent_project/devel/lib/python2.7/dist-packages/lwr_controllers/__init__.py)
Linked: (/home/jiawen/530_707_independent_project/devel/.private/lwr_controllers/lib/python2.7/dist-packages/lwr_controllers/srv/__init__.py, /home/jiawen/530_707_independent_project/devel/lib/python2.7/dist-packages/lwr_controllers/srv/__init__.py)
Linked: (/home/jiawen/530_707_independent_project/devel/.private/lwr_controllers/lib/python2.7/dist-packages/lwr_controllers/srv/_SetCartesianImpedanceCommand.py, /home/jiawen/530_707_independent_project/devel/lib/python2.7/dist-packages/lwr_controllers/srv/_SetCartesianImpedanceCommand.py)
Linked: (/home/jiawen/530_707_independent_project/devel/.private/lwr_controllers/lib/python2.7/dist-packages/lwr_controllers/msg/_PoseRPY.py, /home/jiawen/530_707_independent_project/devel/lib/python2.7/dist-packages/lwr_controllers/msg/_PoseRPY.py)
Linked: (/home/jiawen/530_707_independent_project/devel/.private/lwr_controllers/lib/python2.7/dist-packages/lwr_controllers/msg/__init__.py, /home/jiawen/530_707_independent_project/devel/lib/python2.7/dist-packages/lwr_controllers/msg/__init__.py)
Linked: (/home/jiawen/530_707_independent_project/devel/.private/lwr_controllers/lib/python2.7/dist-packages/lwr_controllers/msg/_ArmState.py, /home/jiawen/530_707_independent_project/devel/lib/python2.7/dist-packages/lwr_controllers/msg/_ArmState.py)
Linked: (/home/jiawen/530_707_independent_project/devel/.private/lwr_controllers/lib/python2.7/dist-packages/lwr_controllers/msg/_Stiffness.py, /home/jiawen/530_707_independent_project/devel/lib/python2.7/dist-packages/lwr_controllers/msg/_Stiffness.py)
Linked: (/home/jiawen/530_707_independent_project/devel/.private/lwr_controllers/lib/python2.7/dist-packages/lwr_controllers/msg/_CartesianImpedancePoint.py, /home/jiawen/530_707_independent_project/devel/lib/python2.7/dist-packages/lwr_controllers/msg/_CartesianImpedancePoint.py)
Linked: (/home/jiawen/530_707_independent_project/devel/.private/lwr_controllers/lib/python2.7/dist-packages/lwr_controllers/msg/_MultiPriorityTask.py, /home/jiawen/530_707_independent_project/devel/lib/python2.7/dist-packages/lwr_controllers/msg/_MultiPriorityTask.py)
Linked: (/home/jiawen/530_707_independent_project/devel/.private/lwr_controllers/lib/python2.7/dist-packages/lwr_controllers/msg/_RPY.py, /home/jiawen/530_707_independent_project/devel/lib/python2.7/dist-packages/lwr_controllers/msg/_RPY.py)
Linked: (/home/jiawen/530_707_independent_project/devel/.private/lwr_controllers/lib/pkgconfig/lwr_controllers.pc, /home/jiawen/530_707_independent_project/devel/lib/pkgconfig/lwr_controllers.pc)
