Determining if the pthread_create exist failed with the following output:
Change Dir: /home/shimin/ROS_Prgm_Prj/build/lwr_hw/CMakeFiles/CMakeTmp

Run Build Command:"/usr/bin/make" "cmTC_0b2ea/fast"
/usr/bin/make -f CMakeFiles/cmTC_0b2ea.dir/build.make CMakeFiles/cmTC_0b2ea.dir/build
make[1]: Entering directory '/home/shimin/ROS_Prgm_Prj/build/lwr_hw/CMakeFiles/CMakeTmp'
Building C object CMakeFiles/cmTC_0b2ea.dir/CheckSymbolExists.c.o
/usr/bin/cc     -o CMakeFiles/cmTC_0b2ea.dir/CheckSymbolExists.c.o   -c /home/shimin/ROS_Prgm_Prj/build/lwr_hw/CMakeFiles/CMakeTmp/CheckSymbolExists.c
Linking C executable cmTC_0b2ea
/usr/bin/cmake -E cmake_link_script CMakeFiles/cmTC_0b2ea.dir/link.txt --verbose=1
/usr/bin/cc       CMakeFiles/cmTC_0b2ea.dir/CheckSymbolExists.c.o  -o cmTC_0b2ea -rdynamic 
CMakeFiles/cmTC_0b2ea.dir/CheckSymbolExists.c.o：在函数‘main’中：
CheckSymbolExists.c:(.text+0x16)：对‘pthread_create’未定义的引用
collect2: error: ld returned 1 exit status
CMakeFiles/cmTC_0b2ea.dir/build.make:97: recipe for target 'cmTC_0b2ea' failed
make[1]: *** [cmTC_0b2ea] Error 1
make[1]: Leaving directory '/home/shimin/ROS_Prgm_Prj/build/lwr_hw/CMakeFiles/CMakeTmp'
Makefile:126: recipe for target 'cmTC_0b2ea/fast' failed
make: *** [cmTC_0b2ea/fast] Error 2

File /home/shimin/ROS_Prgm_Prj/build/lwr_hw/CMakeFiles/CMakeTmp/CheckSymbolExists.c:
/* */
#include <pthread.h>

int main(int argc, char** argv)
{
  (void)argv;
#ifndef pthread_create
  return ((int*)(&pthread_create))[argc];
#else
  (void)argc;
  return 0;
#endif
}

Determining if the function pthread_create exists in the pthreads failed with the following output:
Change Dir: /home/shimin/ROS_Prgm_Prj/build/lwr_hw/CMakeFiles/CMakeTmp

Run Build Command:"/usr/bin/make" "cmTC_5a8c0/fast"
/usr/bin/make -f CMakeFiles/cmTC_5a8c0.dir/build.make CMakeFiles/cmTC_5a8c0.dir/build
make[1]: Entering directory '/home/shimin/ROS_Prgm_Prj/build/lwr_hw/CMakeFiles/CMakeTmp'
Building C object CMakeFiles/cmTC_5a8c0.dir/CheckFunctionExists.c.o
/usr/bin/cc    -DCHECK_FUNCTION_EXISTS=pthread_create   -o CMakeFiles/cmTC_5a8c0.dir/CheckFunctionExists.c.o   -c /usr/share/cmake-3.5/Modules/CheckFunctionExists.c
Linking C executable cmTC_5a8c0
/usr/bin/cmake -E cmake_link_script CMakeFiles/cmTC_5a8c0.dir/link.txt --verbose=1
/usr/bin/cc   -DCHECK_FUNCTION_EXISTS=pthread_create    CMakeFiles/cmTC_5a8c0.dir/CheckFunctionExists.c.o  -o cmTC_5a8c0 -rdynamic -lpthreads 
/usr/bin/ld: 找不到 -lpthreads
collect2: error: ld returned 1 exit status
CMakeFiles/cmTC_5a8c0.dir/build.make:97: recipe for target 'cmTC_5a8c0' failed
make[1]: *** [cmTC_5a8c0] Error 1
make[1]: Leaving directory '/home/shimin/ROS_Prgm_Prj/build/lwr_hw/CMakeFiles/CMakeTmp'
Makefile:126: recipe for target 'cmTC_5a8c0/fast' failed
make: *** [cmTC_5a8c0/fast] Error 2


