Determining if the pthread_create exist failed with the following output:
Change Dir: /home/shimin/ROS_Prgm_Prj/build/lwr_controllers/CMakeFiles/CMakeTmp

Run Build Command:"/usr/bin/make" "cmTC_85e81/fast"
/usr/bin/make -f CMakeFiles/cmTC_85e81.dir/build.make CMakeFiles/cmTC_85e81.dir/build
make[1]: Entering directory '/home/shimin/ROS_Prgm_Prj/build/lwr_controllers/CMakeFiles/CMakeTmp'
Building C object CMakeFiles/cmTC_85e81.dir/CheckSymbolExists.c.o
/usr/bin/cc     -o CMakeFiles/cmTC_85e81.dir/CheckSymbolExists.c.o   -c /home/shimin/ROS_Prgm_Prj/build/lwr_controllers/CMakeFiles/CMakeTmp/CheckSymbolExists.c
Linking C executable cmTC_85e81
/usr/bin/cmake -E cmake_link_script CMakeFiles/cmTC_85e81.dir/link.txt --verbose=1
/usr/bin/cc       CMakeFiles/cmTC_85e81.dir/CheckSymbolExists.c.o  -o cmTC_85e81 -rdynamic 
CMakeFiles/cmTC_85e81.dir/CheckSymbolExists.c.o：在函数‘main’中：
CheckSymbolExists.c:(.text+0x16)：对‘pthread_create’未定义的引用
collect2: error: ld returned 1 exit status
CMakeFiles/cmTC_85e81.dir/build.make:97: recipe for target 'cmTC_85e81' failed
make[1]: *** [cmTC_85e81] Error 1
make[1]: Leaving directory '/home/shimin/ROS_Prgm_Prj/build/lwr_controllers/CMakeFiles/CMakeTmp'
Makefile:126: recipe for target 'cmTC_85e81/fast' failed
make: *** [cmTC_85e81/fast] Error 2

File /home/shimin/ROS_Prgm_Prj/build/lwr_controllers/CMakeFiles/CMakeTmp/CheckSymbolExists.c:
/* */
#include <pthread.h>

int main(int argc, char** argv)
{
  (void)argv;
#ifndef pthread_create
  return ((int*)(&pthread_create))[argc];
#else
  (void)argc;
  return 0;
#endif
}

Determining if the function pthread_create exists in the pthreads failed with the following output:
Change Dir: /home/shimin/ROS_Prgm_Prj/build/lwr_controllers/CMakeFiles/CMakeTmp

Run Build Command:"/usr/bin/make" "cmTC_5c381/fast"
/usr/bin/make -f CMakeFiles/cmTC_5c381.dir/build.make CMakeFiles/cmTC_5c381.dir/build
make[1]: Entering directory '/home/shimin/ROS_Prgm_Prj/build/lwr_controllers/CMakeFiles/CMakeTmp'
Building C object CMakeFiles/cmTC_5c381.dir/CheckFunctionExists.c.o
/usr/bin/cc    -DCHECK_FUNCTION_EXISTS=pthread_create   -o CMakeFiles/cmTC_5c381.dir/CheckFunctionExists.c.o   -c /usr/share/cmake-3.5/Modules/CheckFunctionExists.c
Linking C executable cmTC_5c381
/usr/bin/cmake -E cmake_link_script CMakeFiles/cmTC_5c381.dir/link.txt --verbose=1
/usr/bin/cc   -DCHECK_FUNCTION_EXISTS=pthread_create    CMakeFiles/cmTC_5c381.dir/CheckFunctionExists.c.o  -o cmTC_5c381 -rdynamic -lpthreads 
/usr/bin/ld: 找不到 -lpthreads
collect2: error: ld returned 1 exit status
CMakeFiles/cmTC_5c381.dir/build.make:97: recipe for target 'cmTC_5c381' failed
make[1]: *** [cmTC_5c381] Error 1
make[1]: Leaving directory '/home/shimin/ROS_Prgm_Prj/build/lwr_controllers/CMakeFiles/CMakeTmp'
Makefile:126: recipe for target 'cmTC_5c381/fast' failed
make: *** [cmTC_5c381/fast] Error 2


