[  0%] Built target std_msgs_generate_messages_eus
[  0%] Built target roscpp_generate_messages_py
[  0%] Built target rosgraph_msgs_generate_messages_eus
[  0%] Built target std_msgs_generate_messages_nodejs
[  0%] Built target roscpp_generate_messages_eus
[  0%] Built target roscpp_generate_messages_cpp
[  0%] Built target std_msgs_generate_messages_lisp
[  0%] Built target std_msgs_generate_messages_cpp
[  0%] Built target rosgraph_msgs_generate_messages_cpp
[  0%] Built target roscpp_generate_messages_nodejs
[  0%] Built target rosgraph_msgs_generate_messages_nodejs
[  0%] Built target rosgraph_msgs_generate_messages_lisp
[  0%] Built target roscpp_generate_messages_lisp
[  0%] Built target std_msgs_generate_messages_py
[  0%] Built target rosgraph_msgs_generate_messages_py
[35m[1mScanning dependencies of target arms_manager_node[0m
[ 14%] Built target homing
[ 28%] Built target single_lwr_homing
[ 50%] Built target single_lwr_manager_node
[ 57%] [32mBuilding CXX object CMakeFiles/arms_manager_node.dir/src/arms_manager.cpp.o[0m
[ 85%] Built target ee_manager_node
[ 92%] [32m[1mLinking CXX executable /home/shimin/ROS_Prgm_Prj/devel/.private/kuka_interface_pkg/lib/kuka_interface_pkg/arms_manager_node[0m
[100%] Built target arms_manager_node
