Determining if the pthread_create exist failed with the following output:
Change Dir: /home/shimin/ROS_Prgm_Prj/build/single_lwr_launch/CMakeFiles/CMakeTmp

Run Build Command:"/usr/bin/make" "cmTC_a3633/fast"
/usr/bin/make -f CMakeFiles/cmTC_a3633.dir/build.make CMakeFiles/cmTC_a3633.dir/build
make[1]: Entering directory '/home/shimin/ROS_Prgm_Prj/build/single_lwr_launch/CMakeFiles/CMakeTmp'
Building C object CMakeFiles/cmTC_a3633.dir/CheckSymbolExists.c.o
/usr/bin/cc     -o CMakeFiles/cmTC_a3633.dir/CheckSymbolExists.c.o   -c /home/shimin/ROS_Prgm_Prj/build/single_lwr_launch/CMakeFiles/CMakeTmp/CheckSymbolExists.c
Linking C executable cmTC_a3633
/usr/bin/cmake -E cmake_link_script CMakeFiles/cmTC_a3633.dir/link.txt --verbose=1
/usr/bin/cc       CMakeFiles/cmTC_a3633.dir/CheckSymbolExists.c.o  -o cmTC_a3633 -rdynamic 
CMakeFiles/cmTC_a3633.dir/CheckSymbolExists.c.o：在函数‘main’中：
CheckSymbolExists.c:(.text+0x16)：对‘pthread_create’未定义的引用
collect2: error: ld returned 1 exit status
CMakeFiles/cmTC_a3633.dir/build.make:97: recipe for target 'cmTC_a3633' failed
make[1]: *** [cmTC_a3633] Error 1
make[1]: Leaving directory '/home/shimin/ROS_Prgm_Prj/build/single_lwr_launch/CMakeFiles/CMakeTmp'
Makefile:126: recipe for target 'cmTC_a3633/fast' failed
make: *** [cmTC_a3633/fast] Error 2

File /home/shimin/ROS_Prgm_Prj/build/single_lwr_launch/CMakeFiles/CMakeTmp/CheckSymbolExists.c:
/* */
#include <pthread.h>

int main(int argc, char** argv)
{
  (void)argv;
#ifndef pthread_create
  return ((int*)(&pthread_create))[argc];
#else
  (void)argc;
  return 0;
#endif
}

Determining if the function pthread_create exists in the pthreads failed with the following output:
Change Dir: /home/shimin/ROS_Prgm_Prj/build/single_lwr_launch/CMakeFiles/CMakeTmp

Run Build Command:"/usr/bin/make" "cmTC_1d9f0/fast"
/usr/bin/make -f CMakeFiles/cmTC_1d9f0.dir/build.make CMakeFiles/cmTC_1d9f0.dir/build
make[1]: Entering directory '/home/shimin/ROS_Prgm_Prj/build/single_lwr_launch/CMakeFiles/CMakeTmp'
Building C object CMakeFiles/cmTC_1d9f0.dir/CheckFunctionExists.c.o
/usr/bin/cc    -DCHECK_FUNCTION_EXISTS=pthread_create   -o CMakeFiles/cmTC_1d9f0.dir/CheckFunctionExists.c.o   -c /usr/share/cmake-3.5/Modules/CheckFunctionExists.c
Linking C executable cmTC_1d9f0
/usr/bin/cmake -E cmake_link_script CMakeFiles/cmTC_1d9f0.dir/link.txt --verbose=1
/usr/bin/cc   -DCHECK_FUNCTION_EXISTS=pthread_create    CMakeFiles/cmTC_1d9f0.dir/CheckFunctionExists.c.o  -o cmTC_1d9f0 -rdynamic -lpthreads 
/usr/bin/ld: 找不到 -lpthreads
collect2: error: ld returned 1 exit status
CMakeFiles/cmTC_1d9f0.dir/build.make:97: recipe for target 'cmTC_1d9f0' failed
make[1]: *** [cmTC_1d9f0] Error 1
make[1]: Leaving directory '/home/shimin/ROS_Prgm_Prj/build/single_lwr_launch/CMakeFiles/CMakeTmp'
Makefile:126: recipe for target 'cmTC_1d9f0/fast' failed
make: *** [cmTC_1d9f0/fast] Error 2


