Determining if the pthread_create exist failed with the following output:
Change Dir: /home/shimin/ROS_Prgm_Prj/build/single_lwr_moveit/CMakeFiles/CMakeTmp

Run Build Command:"/usr/bin/make" "cmTC_909df/fast"
/usr/bin/make -f CMakeFiles/cmTC_909df.dir/build.make CMakeFiles/cmTC_909df.dir/build
make[1]: Entering directory '/home/shimin/ROS_Prgm_Prj/build/single_lwr_moveit/CMakeFiles/CMakeTmp'
Building C object CMakeFiles/cmTC_909df.dir/CheckSymbolExists.c.o
/usr/bin/cc     -o CMakeFiles/cmTC_909df.dir/CheckSymbolExists.c.o   -c /home/shimin/ROS_Prgm_Prj/build/single_lwr_moveit/CMakeFiles/CMakeTmp/CheckSymbolExists.c
Linking C executable cmTC_909df
/usr/bin/cmake -E cmake_link_script CMakeFiles/cmTC_909df.dir/link.txt --verbose=1
/usr/bin/cc       CMakeFiles/cmTC_909df.dir/CheckSymbolExists.c.o  -o cmTC_909df -rdynamic 
CMakeFiles/cmTC_909df.dir/CheckSymbolExists.c.o：在函数‘main’中：
CheckSymbolExists.c:(.text+0x16)：对‘pthread_create’未定义的引用
collect2: error: ld returned 1 exit status
CMakeFiles/cmTC_909df.dir/build.make:97: recipe for target 'cmTC_909df' failed
make[1]: *** [cmTC_909df] Error 1
make[1]: Leaving directory '/home/shimin/ROS_Prgm_Prj/build/single_lwr_moveit/CMakeFiles/CMakeTmp'
Makefile:126: recipe for target 'cmTC_909df/fast' failed
make: *** [cmTC_909df/fast] Error 2

File /home/shimin/ROS_Prgm_Prj/build/single_lwr_moveit/CMakeFiles/CMakeTmp/CheckSymbolExists.c:
/* */
#include <pthread.h>

int main(int argc, char** argv)
{
  (void)argv;
#ifndef pthread_create
  return ((int*)(&pthread_create))[argc];
#else
  (void)argc;
  return 0;
#endif
}

Determining if the function pthread_create exists in the pthreads failed with the following output:
Change Dir: /home/shimin/ROS_Prgm_Prj/build/single_lwr_moveit/CMakeFiles/CMakeTmp

Run Build Command:"/usr/bin/make" "cmTC_7ac3e/fast"
/usr/bin/make -f CMakeFiles/cmTC_7ac3e.dir/build.make CMakeFiles/cmTC_7ac3e.dir/build
make[1]: Entering directory '/home/shimin/ROS_Prgm_Prj/build/single_lwr_moveit/CMakeFiles/CMakeTmp'
Building C object CMakeFiles/cmTC_7ac3e.dir/CheckFunctionExists.c.o
/usr/bin/cc    -DCHECK_FUNCTION_EXISTS=pthread_create   -o CMakeFiles/cmTC_7ac3e.dir/CheckFunctionExists.c.o   -c /usr/share/cmake-3.5/Modules/CheckFunctionExists.c
Linking C executable cmTC_7ac3e
/usr/bin/cmake -E cmake_link_script CMakeFiles/cmTC_7ac3e.dir/link.txt --verbose=1
/usr/bin/cc   -DCHECK_FUNCTION_EXISTS=pthread_create    CMakeFiles/cmTC_7ac3e.dir/CheckFunctionExists.c.o  -o cmTC_7ac3e -rdynamic -lpthreads 
/usr/bin/ld: 找不到 -lpthreads
collect2: error: ld returned 1 exit status
CMakeFiles/cmTC_7ac3e.dir/build.make:97: recipe for target 'cmTC_7ac3e' failed
make[1]: *** [cmTC_7ac3e] Error 1
make[1]: Leaving directory '/home/shimin/ROS_Prgm_Prj/build/single_lwr_moveit/CMakeFiles/CMakeTmp'
Makefile:126: recipe for target 'cmTC_7ac3e/fast' failed
make: *** [cmTC_7ac3e/fast] Error 2


